monitor will print the received events for:
KERNEL - the kernel uevent

KERNEL[63187.209483] add      /devices/pci0000:00/0000:00:14.0/usb1/1-6 (usb)
ACTION=add
DEVPATH=/devices/pci0000:00/0000:00:14.0/usb1/1-6
SUBSYSTEM=usb
DEVNAME=/dev/bus/usb/001/067
DEVTYPE=usb_device
PRODUCT=15a2/80/1
TYPE=0/0/0
BUSNUM=001
DEVNUM=067
SEQNUM=15833
MAJOR=189
MINOR=66

KERNEL[63187.210803] add      /devices/pci0000:00/0000:00:14.0/usb1/1-6/1-6:1.0 (usb)
ACTION=add
DEVPATH=/devices/pci0000:00/0000:00:14.0/usb1/1-6/1-6:1.0
SUBSYSTEM=usb
DEVTYPE=usb_interface
PRODUCT=15a2/80/1
TYPE=0/0/0
INTERFACE=3/0/0
MODALIAS=usb:v15A2p0080d0001dc00dsc00dp00ic03isc00ip00in00
SEQNUM=15834

KERNEL[63187.211191] add      /devices/pci0000:00/0000:00:14.0/usb1/1-6/1-6:1.0/0003:15A2:0080.005E (hid)
ACTION=add
DEVPATH=/devices/pci0000:00/0000:00:14.0/usb1/1-6/1-6:1.0/0003:15A2:0080.005E
SUBSYSTEM=hid
HID_ID=0003:000015A2:00000080
HID_NAME=Freescale SemiConductor Inc  SE Blank 6ULL
HID_PHYS=usb-0000:00:14.0-6/input0
HID_UNIQ=
MODALIAS=hid:b0003g0001v000015A2p00000080
SEQNUM=15835

KERNEL[63187.211352] add      /devices/pci0000:00/0000:00:14.0/usb1/1-6/1-6:1.0/usbmisc/hiddev6 (usbmisc)
ACTION=add
DEVPATH=/devices/pci0000:00/0000:00:14.0/usb1/1-6/1-6:1.0/usbmisc/hiddev6
SUBSYSTEM=usbmisc
DEVNAME=/dev/usb/hiddev6
SEQNUM=15836
MAJOR=180
MINOR=6

KERNEL[63187.211484] add      /devices/pci0000:00/0000:00:14.0/usb1/1-6/1-6:1.0/0003:15A2:0080.005E/hidraw/hidraw12 (hidraw)
ACTION=add
DEVPATH=/devices/pci0000:00/0000:00:14.0/usb1/1-6/1-6:1.0/0003:15A2:0080.005E/hidraw/hidraw12
SUBSYSTEM=hidraw
DEVNAME=/dev/hidraw12
SEQNUM=15837
MAJOR=240
MINOR=12

KERNEL[63187.211560] bind     /devices/pci0000:00/0000:00:14.0/usb1/1-6/1-6:1.0/0003:15A2:0080.005E (hid)
ACTION=bind
DEVPATH=/devices/pci0000:00/0000:00:14.0/usb1/1-6/1-6:1.0/0003:15A2:0080.005E
SUBSYSTEM=hid
DRIVER=hid-generic
HID_ID=0003:000015A2:00000080
HID_NAME=Freescale SemiConductor Inc  SE Blank 6ULL
HID_PHYS=usb-0000:00:14.0-6/input0
HID_UNIQ=
MODALIAS=hid:b0003g0001v000015A2p00000080
SEQNUM=15838

KERNEL[63187.211672] bind     /devices/pci0000:00/0000:00:14.0/usb1/1-6/1-6:1.0 (usb)
ACTION=bind
DEVPATH=/devices/pci0000:00/0000:00:14.0/usb1/1-6/1-6:1.0
SUBSYSTEM=usb
DEVTYPE=usb_interface
DRIVER=usbhid
PRODUCT=15a2/80/1
TYPE=0/0/0
INTERFACE=3/0/0
MODALIAS=usb:v15A2p0080d0001dc00dsc00dp00ic03isc00ip00in00
SEQNUM=15839

KERNEL[63187.211782] bind     /devices/pci0000:00/0000:00:14.0/usb1/1-6 (usb)
ACTION=bind
DEVPATH=/devices/pci0000:00/0000:00:14.0/usb1/1-6
SUBSYSTEM=usb
DEVNAME=/dev/bus/usb/001/067
DEVTYPE=usb_device
DRIVER=usb
PRODUCT=15a2/80/1
TYPE=0/0/0
BUSNUM=001
DEVNUM=067
SEQNUM=15840
MAJOR=189
MINOR=66
