monitor will print the received events for:
KERNEL - the kernel uevent

KERNEL[63045.832523] add      /devices/pci0000:00/0000:00:14.0/usb1/1-4/1-4.2 (usb)
ACTION=add
DEVPATH=/devices/pci0000:00/0000:00:14.0/usb1/1-4/1-4.2
SUBSYSTEM=usb
DEVNAME=/dev/bus/usb/001/064
DEVTYPE=usb_device
PRODUCT=46d/c539/3906
TYPE=0/0/0
BUSNUM=001
DEVNUM=064
SEQNUM=15772
MAJOR=189
MINOR=63

KERNEL[63045.841653] add      /devices/pci0000:00/0000:00:14.0/usb1/1-4/1-4.2/1-4.2:1.0 (usb)
ACTION=add
DEVPATH=/devices/pci0000:00/0000:00:14.0/usb1/1-4/1-4.2/1-4.2:1.0
SUBSYSTEM=usb
DEVTYPE=usb_interface
PRODUCT=46d/c539/3906
TYPE=0/0/0
INTERFACE=3/1/1
MODALIAS=usb:v046DpC539d3906dc00dsc00dp00ic03isc01ip01in00
SEQNUM=15773

KERNEL[63045.843285] add      /devices/pci0000:00/0000:00:14.0/usb1/1-4/1-4.2/1-4.2:1.0/0003:046D:C539.0059 (hid)
ACTION=add
DEVPATH=/devices/pci0000:00/0000:00:14.0/usb1/1-4/1-4.2/1-4.2:1.0/0003:046D:C539.0059
SUBSYSTEM=hid
HID_ID=0003:0000046D:0000C539
HID_NAME=Logitech USB Receiver
HID_PHYS=usb-0000:00:14.0-4.2/input0
HID_UNIQ=
MODALIAS=hid:b0003g0001v0000046Dp0000C539
SEQNUM=15774

KERNEL[63045.843372] add      /devices/pci0000:00/0000:00:14.0/usb1/1-4/1-4.2/wakeup/wakeup38 (wakeup)
ACTION=add
DEVPATH=/devices/pci0000:00/0000:00:14.0/usb1/1-4/1-4.2/wakeup/wakeup38
SUBSYSTEM=wakeup
SEQNUM=15775

KERNEL[63045.843509] add      /devices/pci0000:00/0000:00:14.0/usb1/1-4/1-4.2/1-4.2:1.0/0003:046D:C539.0059/hidraw/hidraw8 (hidraw)
ACTION=add
DEVPATH=/devices/pci0000:00/0000:00:14.0/usb1/1-4/1-4.2/1-4.2:1.0/0003:046D:C539.0059/hidraw/hidraw8
SUBSYSTEM=hidraw
DEVNAME=/dev/hidraw8
SEQNUM=15776
MAJOR=240
MINOR=8

KERNEL[63045.900255] bind     /devices/pci0000:00/0000:00:14.0/usb1/1-4/1-4.2/1-4.2:1.0/0003:046D:C539.0059 (hid)
ACTION=bind
DEVPATH=/devices/pci0000:00/0000:00:14.0/usb1/1-4/1-4.2/1-4.2:1.0/0003:046D:C539.0059
SUBSYSTEM=hid
DRIVER=logitech-djreceiver
HID_ID=0003:0000046D:0000C539
HID_NAME=Logitech USB Receiver
HID_PHYS=usb-0000:00:14.0-4.2/input0
HID_UNIQ=
MODALIAS=hid:b0003g0001v0000046Dp0000C539
SEQNUM=15777

KERNEL[63045.900372] bind     /devices/pci0000:00/0000:00:14.0/usb1/1-4/1-4.2/1-4.2:1.0 (usb)
ACTION=bind
DEVPATH=/devices/pci0000:00/0000:00:14.0/usb1/1-4/1-4.2/1-4.2:1.0
SUBSYSTEM=usb
DEVTYPE=usb_interface
DRIVER=usbhid
PRODUCT=46d/c539/3906
TYPE=0/0/0
INTERFACE=3/1/1
MODALIAS=usb:v046DpC539d3906dc00dsc00dp00ic03isc01ip01in00
SEQNUM=15778

KERNEL[63045.900450] add      /devices/pci0000:00/0000:00:14.0/usb1/1-4/1-4.2/1-4.2:1.1 (usb)
ACTION=add
DEVPATH=/devices/pci0000:00/0000:00:14.0/usb1/1-4/1-4.2/1-4.2:1.1
SUBSYSTEM=usb
DEVTYPE=usb_interface
PRODUCT=46d/c539/3906
TYPE=0/0/0
INTERFACE=3/1/2
MODALIAS=usb:v046DpC539d3906dc00dsc00dp00ic03isc01ip02in01
SEQNUM=15779

KERNEL[63045.902895] add      /devices/pci0000:00/0000:00:14.0/usb1/1-4/1-4.2/1-4.2:1.1/0003:046D:C539.005A (hid)
ACTION=add
DEVPATH=/devices/pci0000:00/0000:00:14.0/usb1/1-4/1-4.2/1-4.2:1.1/0003:046D:C539.005A
SUBSYSTEM=hid
HID_ID=0003:0000046D:0000C539
HID_NAME=Logitech USB Receiver
HID_PHYS=usb-0000:00:14.0-4.2/input1
HID_UNIQ=
MODALIAS=hid:b0003g0001v0000046Dp0000C539
SEQNUM=15780

KERNEL[63045.903334] add      /devices/pci0000:00/0000:00:14.0/usb1/1-4/1-4.2/1-4.2:1.1/usbmisc/hiddev4 (usbmisc)
ACTION=add
DEVPATH=/devices/pci0000:00/0000:00:14.0/usb1/1-4/1-4.2/1-4.2:1.1/usbmisc/hiddev4
SUBSYSTEM=usbmisc
DEVNAME=/dev/usb/hiddev4
SEQNUM=15781
MAJOR=180
MINOR=4

KERNEL[63045.903582] add      /devices/pci0000:00/0000:00:14.0/usb1/1-4/1-4.2/1-4.2:1.1/0003:046D:C539.005A/hidraw/hidraw9 (hidraw)
ACTION=add
DEVPATH=/devices/pci0000:00/0000:00:14.0/usb1/1-4/1-4.2/1-4.2:1.1/0003:046D:C539.005A/hidraw/hidraw9
SUBSYSTEM=hidraw
DEVNAME=/dev/hidraw9
SEQNUM=15782
MAJOR=240
MINOR=9

KERNEL[63045.960267] bind     /devices/pci0000:00/0000:00:14.0/usb1/1-4/1-4.2/1-4.2:1.1/0003:046D:C539.005A (hid)
ACTION=bind
DEVPATH=/devices/pci0000:00/0000:00:14.0/usb1/1-4/1-4.2/1-4.2:1.1/0003:046D:C539.005A
SUBSYSTEM=hid
DRIVER=logitech-djreceiver
HID_ID=0003:0000046D:0000C539
HID_NAME=Logitech USB Receiver
HID_PHYS=usb-0000:00:14.0-4.2/input1
HID_UNIQ=
MODALIAS=hid:b0003g0001v0000046Dp0000C539
SEQNUM=15783

KERNEL[63045.960420] bind     /devices/pci0000:00/0000:00:14.0/usb1/1-4/1-4.2/1-4.2:1.1 (usb)
ACTION=bind
DEVPATH=/devices/pci0000:00/0000:00:14.0/usb1/1-4/1-4.2/1-4.2:1.1
SUBSYSTEM=usb
DEVTYPE=usb_interface
DRIVER=usbhid
PRODUCT=46d/c539/3906
TYPE=0/0/0
INTERFACE=3/1/2
MODALIAS=usb:v046DpC539d3906dc00dsc00dp00ic03isc01ip02in01
SEQNUM=15784

KERNEL[63045.960500] add      /devices/pci0000:00/0000:00:14.0/usb1/1-4/1-4.2/1-4.2:1.2 (usb)
ACTION=add
DEVPATH=/devices/pci0000:00/0000:00:14.0/usb1/1-4/1-4.2/1-4.2:1.2
SUBSYSTEM=usb
DEVTYPE=usb_interface
PRODUCT=46d/c539/3906
TYPE=0/0/0
INTERFACE=3/0/0
MODALIAS=usb:v046DpC539d3906dc00dsc00dp00ic03isc00ip00in02
SEQNUM=15785

KERNEL[63045.962355] add      /devices/pci0000:00/0000:00:14.0/usb1/1-4/1-4.2/1-4.2:1.2/0003:046D:C539.005B (hid)
ACTION=add
DEVPATH=/devices/pci0000:00/0000:00:14.0/usb1/1-4/1-4.2/1-4.2:1.2/0003:046D:C539.005B
SUBSYSTEM=hid
HID_ID=0003:0000046D:0000C539
HID_NAME=Logitech USB Receiver
HID_PHYS=usb-0000:00:14.0-4.2/input2
HID_UNIQ=
MODALIAS=hid:b0003g0001v0000046Dp0000C539
SEQNUM=15786

KERNEL[63045.962735] add      /devices/pci0000:00/0000:00:14.0/usb1/1-4/1-4.2/1-4.2:1.2/usbmisc/hiddev5 (usbmisc)
ACTION=add
DEVPATH=/devices/pci0000:00/0000:00:14.0/usb1/1-4/1-4.2/1-4.2:1.2/usbmisc/hiddev5
SUBSYSTEM=usbmisc
DEVNAME=/dev/usb/hiddev5
SEQNUM=15787
MAJOR=180
MINOR=5

KERNEL[63045.962874] add      /devices/pci0000:00/0000:00:14.0/usb1/1-4/1-4.2/1-4.2:1.2/0003:046D:C539.005B/hidraw/hidraw10 (hidraw)
ACTION=add
DEVPATH=/devices/pci0000:00/0000:00:14.0/usb1/1-4/1-4.2/1-4.2:1.2/0003:046D:C539.005B/hidraw/hidraw10
SUBSYSTEM=hidraw
DEVNAME=/dev/hidraw10
SEQNUM=15788
MAJOR=240
MINOR=10

KERNEL[63046.024963] bind     /devices/pci0000:00/0000:00:14.0/usb1/1-4/1-4.2/1-4.2:1.2/0003:046D:C539.005B (hid)
ACTION=bind
DEVPATH=/devices/pci0000:00/0000:00:14.0/usb1/1-4/1-4.2/1-4.2:1.2/0003:046D:C539.005B
SUBSYSTEM=hid
DRIVER=logitech-djreceiver
HID_ID=0003:0000046D:0000C539
HID_NAME=Logitech USB Receiver
HID_PHYS=usb-0000:00:14.0-4.2/input2
HID_UNIQ=
MODALIAS=hid:b0003g0001v0000046Dp0000C539
SEQNUM=15789

KERNEL[63046.025084] bind     /devices/pci0000:00/0000:00:14.0/usb1/1-4/1-4.2/1-4.2:1.2 (usb)
ACTION=bind
DEVPATH=/devices/pci0000:00/0000:00:14.0/usb1/1-4/1-4.2/1-4.2:1.2
SUBSYSTEM=usb
DEVTYPE=usb_interface
DRIVER=usbhid
PRODUCT=46d/c539/3906
TYPE=0/0/0
INTERFACE=3/0/0
MODALIAS=usb:v046DpC539d3906dc00dsc00dp00ic03isc00ip00in02
SEQNUM=15790

KERNEL[63046.025177] bind     /devices/pci0000:00/0000:00:14.0/usb1/1-4/1-4.2 (usb)
ACTION=bind
DEVPATH=/devices/pci0000:00/0000:00:14.0/usb1/1-4/1-4.2
SUBSYSTEM=usb
DEVNAME=/dev/bus/usb/001/064
DEVTYPE=usb_device
DRIVER=usb
PRODUCT=46d/c539/3906
TYPE=0/0/0
BUSNUM=001
DEVNUM=064
SEQNUM=15791
MAJOR=189
MINOR=63

KERNEL[63046.028099] add      /devices/pci0000:00/0000:00:14.0/usb1/1-4/1-4.2/1-4.2:1.2/0003:046D:C539.005B/0003:046D:4087.005C (hid)
ACTION=add
DEVPATH=/devices/pci0000:00/0000:00:14.0/usb1/1-4/1-4.2/1-4.2:1.2/0003:046D:C539.005B/0003:046D:4087.005C
SUBSYSTEM=hid
HID_ID=0003:0000046D:00004087
HID_NAME=Logitech Wireless Mouse PID:4087
HID_PHYS=usb-0000:00:14.0-4.2/input2:1
HID_UNIQ=
MODALIAS=hid:b0003g0102v0000046Dp00004087
SEQNUM=15792

KERNEL[63046.032598] add      /devices/pci0000:00/0000:00:14.0/usb1/1-4/1-4.2/1-4.2:1.2/0003:046D:C539.005B/0003:046D:4087.005C/input/input115 (input)
ACTION=add
DEVPATH=/devices/pci0000:00/0000:00:14.0/usb1/1-4/1-4.2/1-4.2:1.2/0003:046D:C539.005B/0003:046D:4087.005C/input/input115
SUBSYSTEM=input
PRODUCT=3/46d/4087/111
NAME="Logitech G903 LS"
PHYS="usb-0000:00:14.0-4.2/input2:1"
UNIQ="09-9c-5a-f9"
PROP=0
EV=120017
KEY=ffff0000 1000000000007 ff9f207ac14057ff febeffdfffefffff fffffffffffffffe
REL=1943
MSC=10
LED=1f
MODALIAS=input:b0003v046Dp4087e0111-e0,1,2,4,11,14,k71,72,73,74,75,77,79,7A,7B,7C,7D,7E,7F,80,81,82,83,84,85,86,87,88,89,8A,8C,8E,96,98,9E,9F,A1,A3,A4,A5,A6,AD,B0,B1,B2,B3,B4,B7,B8,B9,BA,BB,BC,BD,BE,BF,C0,C1,C2,F0,110,111,112,113,114,115,116,117,118,119,11A,11B,11C,11D,11E,11F,r0,1,6,8,B,C,am4,l0,1,2,3,4,sfw
SEQNUM=15793

KERNEL[63046.032638] add      /devices/pci0000:00/0000:00:14.0/usb1/1-4/1-4.2/1-4.2:1.2/0003:046D:C539.005B/0003:046D:4087.005C/input/input115/mouse1 (input)
ACTION=add
DEVPATH=/devices/pci0000:00/0000:00:14.0/usb1/1-4/1-4.2/1-4.2:1.2/0003:046D:C539.005B/0003:046D:4087.005C/input/input115/mouse1
SUBSYSTEM=input
DEVNAME=/dev/input/mouse1
SEQNUM=15794
MAJOR=13
MINOR=33

KERNEL[63046.032668] add      /devices/pci0000:00/0000:00:14.0/usb1/1-4/1-4.2/1-4.2:1.2/0003:046D:C539.005B/0003:046D:4087.005C/input/input115/event13 (input)
ACTION=add
DEVPATH=/devices/pci0000:00/0000:00:14.0/usb1/1-4/1-4.2/1-4.2:1.2/0003:046D:C539.005B/0003:046D:4087.005C/input/input115/event13
SUBSYSTEM=input
DEVNAME=/dev/input/event13
SEQNUM=15795
MAJOR=13
MINOR=77

KERNEL[63046.032686] add      /devices/pci0000:00/0000:00:14.0/usb1/1-4/1-4.2/1-4.2:1.2/0003:046D:C539.005B/0003:046D:4087.005C/input/input115/input115::numlock (leds)
ACTION=add
DEVPATH=/devices/pci0000:00/0000:00:14.0/usb1/1-4/1-4.2/1-4.2:1.2/0003:046D:C539.005B/0003:046D:4087.005C/input/input115/input115::numlock
SUBSYSTEM=leds
SEQNUM=15796

KERNEL[63046.032698] change   /devices/pci0000:00/0000:00:14.0/usb1/1-4/1-4.2/1-4.2:1.2/0003:046D:C539.005B/0003:046D:4087.005C/input/input115/input115::numlock (leds)
ACTION=change
DEVPATH=/devices/pci0000:00/0000:00:14.0/usb1/1-4/1-4.2/1-4.2:1.2/0003:046D:C539.005B/0003:046D:4087.005C/input/input115/input115::numlock
SUBSYSTEM=leds
TRIGGER=kbd-numlock
SEQNUM=15797

KERNEL[63046.032712] add      /devices/pci0000:00/0000:00:14.0/usb1/1-4/1-4.2/1-4.2:1.2/0003:046D:C539.005B/0003:046D:4087.005C/input/input115/input115::capslock (leds)
ACTION=add
DEVPATH=/devices/pci0000:00/0000:00:14.0/usb1/1-4/1-4.2/1-4.2:1.2/0003:046D:C539.005B/0003:046D:4087.005C/input/input115/input115::capslock
SUBSYSTEM=leds
SEQNUM=15798

KERNEL[63046.032725] change   /devices/pci0000:00/0000:00:14.0/usb1/1-4/1-4.2/1-4.2:1.2/0003:046D:C539.005B/0003:046D:4087.005C/input/input115/input115::capslock (leds)
ACTION=change
DEVPATH=/devices/pci0000:00/0000:00:14.0/usb1/1-4/1-4.2/1-4.2:1.2/0003:046D:C539.005B/0003:046D:4087.005C/input/input115/input115::capslock
SUBSYSTEM=leds
TRIGGER=kbd-capslock
SEQNUM=15799

KERNEL[63046.032737] add      /devices/pci0000:00/0000:00:14.0/usb1/1-4/1-4.2/1-4.2:1.2/0003:046D:C539.005B/0003:046D:4087.005C/input/input115/input115::scrolllock (leds)
ACTION=add
DEVPATH=/devices/pci0000:00/0000:00:14.0/usb1/1-4/1-4.2/1-4.2:1.2/0003:046D:C539.005B/0003:046D:4087.005C/input/input115/input115::scrolllock
SUBSYSTEM=leds
SEQNUM=15800

KERNEL[63046.032752] change   /devices/pci0000:00/0000:00:14.0/usb1/1-4/1-4.2/1-4.2:1.2/0003:046D:C539.005B/0003:046D:4087.005C/input/input115/input115::scrolllock (leds)
ACTION=change
DEVPATH=/devices/pci0000:00/0000:00:14.0/usb1/1-4/1-4.2/1-4.2:1.2/0003:046D:C539.005B/0003:046D:4087.005C/input/input115/input115::scrolllock
SUBSYSTEM=leds
TRIGGER=kbd-scrolllock
SEQNUM=15801

KERNEL[63046.032770] add      /devices/pci0000:00/0000:00:14.0/usb1/1-4/1-4.2/1-4.2:1.2/0003:046D:C539.005B/0003:046D:4087.005C/input/input115/input115::compose (leds)
ACTION=add
DEVPATH=/devices/pci0000:00/0000:00:14.0/usb1/1-4/1-4.2/1-4.2:1.2/0003:046D:C539.005B/0003:046D:4087.005C/input/input115/input115::compose
SUBSYSTEM=leds
SEQNUM=15802

KERNEL[63046.032782] add      /devices/pci0000:00/0000:00:14.0/usb1/1-4/1-4.2/1-4.2:1.2/0003:046D:C539.005B/0003:046D:4087.005C/input/input115/input115::kana (leds)
ACTION=add
DEVPATH=/devices/pci0000:00/0000:00:14.0/usb1/1-4/1-4.2/1-4.2:1.2/0003:046D:C539.005B/0003:046D:4087.005C/input/input115/input115::kana
SUBSYSTEM=leds
SEQNUM=15803

KERNEL[63046.032796] change   /devices/pci0000:00/0000:00:14.0/usb1/1-4/1-4.2/1-4.2:1.2/0003:046D:C539.005B/0003:046D:4087.005C/input/input115/input115::kana (leds)
ACTION=change
DEVPATH=/devices/pci0000:00/0000:00:14.0/usb1/1-4/1-4.2/1-4.2:1.2/0003:046D:C539.005B/0003:046D:4087.005C/input/input115/input115::kana
SUBSYSTEM=leds
TRIGGER=kbd-kanalock
SEQNUM=15804

KERNEL[63046.032812] add      /devices/pci0000:00/0000:00:14.0/usb1/1-4/1-4.2/1-4.2:1.2/0003:046D:C539.005B/0003:046D:4087.005C/hidraw/hidraw11 (hidraw)
ACTION=add
DEVPATH=/devices/pci0000:00/0000:00:14.0/usb1/1-4/1-4.2/1-4.2:1.2/0003:046D:C539.005B/0003:046D:4087.005C/hidraw/hidraw11
SUBSYSTEM=hidraw
DEVNAME=/dev/hidraw11
SEQNUM=15805
MAJOR=240
MINOR=11

KERNEL[63046.032836] bind     /devices/pci0000:00/0000:00:14.0/usb1/1-4/1-4.2/1-4.2:1.2/0003:046D:C539.005B/0003:046D:4087.005C (hid)
ACTION=bind
DEVPATH=/devices/pci0000:00/0000:00:14.0/usb1/1-4/1-4.2/1-4.2:1.2/0003:046D:C539.005B/0003:046D:4087.005C
SUBSYSTEM=hid
DRIVER=logitech-hidpp-device
HID_ID=0003:0000046D:00004087
HID_NAME=Logitech G903 LS
HID_PHYS=usb-0000:00:14.0-4.2/input2:1
HID_UNIQ=09-9c-5a-f9
MODALIAS=hid:b0003g0102v0000046Dp00004087
SEQNUM=15806
