monitor will print the received events for:
KERNEL - the kernel uevent

KERNEL[63122.452118] remove   /devices/pci0000:00/0000:00:14.0/usb1/1-6/1-6:1.0/usbmisc/hiddev6 (usbmisc)
ACTION=remove
DEVPATH=/devices/pci0000:00/0000:00:14.0/usb1/1-6/1-6:1.0/usbmisc/hiddev6
SUBSYSTEM=usbmisc
DEVNAME=/dev/usb/hiddev6
SEQNUM=15819
MAJOR=180
MINOR=6

KERNEL[63122.452153] remove   /devices/pci0000:00/0000:00:14.0/usb1/1-6/1-6:1.0/0003:15A2:0080.005D/hidraw/hidraw12 (hidraw)
ACTION=remove
DEVPATH=/devices/pci0000:00/0000:00:14.0/usb1/1-6/1-6:1.0/0003:15A2:0080.005D/hidraw/hidraw12
SUBSYSTEM=hidraw
DEVNAME=/dev/hidraw12
SEQNUM=15820
MAJOR=240
MINOR=12

KERNEL[63122.452174] unbind   /devices/pci0000:00/0000:00:14.0/usb1/1-6/1-6:1.0/0003:15A2:0080.005D (hid)
ACTION=unbind
DEVPATH=/devices/pci0000:00/0000:00:14.0/usb1/1-6/1-6:1.0/0003:15A2:0080.005D
SUBSYSTEM=hid
HID_ID=0003:000015A2:00000080
HID_NAME=Freescale SemiConductor Inc  SE Blank 6ULL
HID_PHYS=usb-0000:00:14.0-6/input0
HID_UNIQ=
SEQNUM=15821

KERNEL[63122.452197] remove   /devices/pci0000:00/0000:00:14.0/usb1/1-6/1-6:1.0/0003:15A2:0080.005D (hid)
ACTION=remove
DEVPATH=/devices/pci0000:00/0000:00:14.0/usb1/1-6/1-6:1.0/0003:15A2:0080.005D
SUBSYSTEM=hid
HID_ID=0003:000015A2:00000080
HID_NAME=Freescale SemiConductor Inc  SE Blank 6ULL
HID_PHYS=usb-0000:00:14.0-6/input0
HID_UNIQ=
MODALIAS=hid:b0003g0001v000015A2p00000080
SEQNUM=15822

KERNEL[63122.452216] unbind   /devices/pci0000:00/0000:00:14.0/usb1/1-6/1-6:1.0 (usb)
ACTION=unbind
DEVPATH=/devices/pci0000:00/0000:00:14.0/usb1/1-6/1-6:1.0
SUBSYSTEM=usb
DEVTYPE=usb_interface
PRODUCT=15a2/80/1
TYPE=0/0/0
INTERFACE=3/0/0
SEQNUM=15823

KERNEL[63122.452237] remove   /devices/pci0000:00/0000:00:14.0/usb1/1-6/1-6:1.0 (usb)
ACTION=remove
DEVPATH=/devices/pci0000:00/0000:00:14.0/usb1/1-6/1-6:1.0
SUBSYSTEM=usb
DEVTYPE=usb_interface
PRODUCT=15a2/80/1
TYPE=0/0/0
INTERFACE=3/0/0
MODALIAS=usb:v15A2p0080d0001dc00dsc00dp00ic03isc00ip00in00
SEQNUM=15824

KERNEL[63122.452634] unbind   /devices/pci0000:00/0000:00:14.0/usb1/1-6 (usb)
ACTION=unbind
DEVPATH=/devices/pci0000:00/0000:00:14.0/usb1/1-6
SUBSYSTEM=usb
DEVNAME=/dev/bus/usb/001/065
DEVTYPE=usb_device
PRODUCT=15a2/80/1
TYPE=0/0/0
BUSNUM=001
DEVNUM=065
SEQNUM=15825
MAJOR=189
MINOR=64

KERNEL[63122.452660] remove   /devices/pci0000:00/0000:00:14.0/usb1/1-6 (usb)
ACTION=remove
DEVPATH=/devices/pci0000:00/0000:00:14.0/usb1/1-6
SUBSYSTEM=usb
DEVNAME=/dev/bus/usb/001/065
DEVTYPE=usb_device
PRODUCT=15a2/80/1
TYPE=0/0/0
BUSNUM=001
DEVNUM=065
SEQNUM=15826
MAJOR=189
MINOR=64

KERNEL[63122.921690] add      /devices/pci0000:00/0000:00:14.0/usb1/1-6 (usb)
ACTION=add
DEVPATH=/devices/pci0000:00/0000:00:14.0/usb1/1-6
SUBSYSTEM=usb
DEVNAME=/dev/bus/usb/001/066
DEVTYPE=usb_device
PRODUCT=46d/c539/3906
TYPE=0/0/0
BUSNUM=001
DEVNUM=066
SEQNUM=15827
MAJOR=189
MINOR=65

KERNEL[63122.922573] add      /devices/pci0000:00/0000:00:14.0/usb1/1-6/1-6:1.0 (usb)
ACTION=add
DEVPATH=/devices/pci0000:00/0000:00:14.0/usb1/1-6/1-6:1.0
SUBSYSTEM=usb
DEVTYPE=usb_interface
PRODUCT=46d/c539/3906
TYPE=0/0/0
INTERFACE=3/1/1
MODALIAS=usb:v046DpC539d3906dc00dsc00dp00ic03isc01ip01in00
SEQNUM=15828

KERNEL[63122.922602] bind     /devices/pci0000:00/0000:00:14.0/usb1/1-6 (usb)
ACTION=bind
DEVPATH=/devices/pci0000:00/0000:00:14.0/usb1/1-6
SUBSYSTEM=usb
DEVNAME=/dev/bus/usb/001/066
DEVTYPE=usb_device
DRIVER=usb
PRODUCT=46d/c539/3906
TYPE=0/0/0
BUSNUM=001
DEVNUM=066
SEQNUM=15829
MAJOR=189
MINOR=65
